  lapi.c
  lauxlib.c
  lbaselib.c
  lbitlib.c
  lcode.c
  lcorolib.c
  lctype.c
  ldblib.c
  ldebug.c
  ldo.c
  ldump.c
  lfunc.c
  lgc.c
  linit.c
  liolib.c
  llex.c
  lmathlib.c
  lmem.c
  loadlib.c
  lobject.c
  正在编译...
  lopcodes.c
  loslib.c
  lparser.c
  lstate.c
  lstring.c
  lstrlib.c
  ltable.c
  ltablib.c
  ltm.c
  lundump.c
  lutf8lib.c
  lvm.c
  lzio.c
  luv.c
  luv_async.c
  luv_check.c
  luv_constants.c
  luv_dns.c
  luv_fs.c
  luv_fs_event.c
  正在编译...
  luv_fs_poll.c
  luv_handle.c
  luv_idle.c
  luv_lhandle.c
  luv_loop.c
  luv_misc.c
  luv_pipe.c
  luv_poll.c
  luv_prepare.c
  luv_process.c
  luv_req.c
  luv_signal.c
  luv_stream.c
  luv_tcp.c
  luv_timer.c
  luv_tty.c
  luv_udp.c
  luv_util.c
  lengine.c
  lminiz.c
  正在编译...
  main.c
src\main.c : warning C4819: 该文件包含不能在当前代码页(936)中表示的字符。请将该文件保存为 Unicode 格式以防止数据丢失
  miniz.c
  正在生成代码
  All 1735 functions were compiled because no usable IPDB/IOBJ from previous compilation was found.
  已完成代码的生成
  xcore.vcxproj -> E:\xcore\xcore\.\xcore.exe
  xcore.vcxproj -> .\xcore.pdb (Full PDB)
  build\Release\xcore.log - The process cannot access the file because it is being used by another process.
  Could Not Find E:\xcore\xcore\*.ilk
